[09:13:00.930] [INFO] Storybook upgrade - v10.2.13
[09:13:00.934] [INFO] detect-projects-spinner-start: Detecting projects...
[09:13:00.936] [DEBUG] Finding Storybook projects...
[09:13:01.876] [DEBUG] Found 1 Storybook projects
[09:13:01.878] [INFO] detect-projects-spinner: Detecting projects: 1 projects
[09:13:01.879] [DEBUG] Getting Storybook data...
[09:13:01.879] [DEBUG] Getting Storybook info...
[09:13:02.001] [DEBUG] Loading main config...
[09:13:02.001] [DEBUG] Getting stories paths...
[09:13:02.020] [DEBUG] Getting package manager...
[09:13:04.265] [DEBUG] Getting package.json info for /home/zerokool/dev/personal/rizzo-css/package.json...
[09:13:04.265] [DEBUG] Getting Storybook version...
[09:13:04.270] [DEBUG] Detecting CSF factory usage...
[09:13:04.302] [DEBUG] /.storybook - Validating before version... 8.6.17
[09:13:04.302] [DEBUG] /.storybook - Validating upgrade compatibility...
[09:13:04.302] [DEBUG] /.storybook - Fetching NPM version information...
[09:13:04.303] [DEBUG] Getting CLI versions from NPM for storybook...
[09:13:04.303] [DEBUG] Executing command: pnpm info storybook version
[09:13:04.316] [DEBUG] Getting CLI versions from NPM for storybook@next...
[09:13:04.316] [DEBUG] Executing command: pnpm info storybook@next version
[09:13:09.179] [DEBUG] /.storybook - Evaluating blockers...
[09:13:09.205] [DEBUG] Getting installed version for @storybook/experimental-addon-test...
[09:13:09.205] [DEBUG] Executing command: pnpm list "@storybook/experimental-addon-test" --json --depth=99
[09:13:09.937] [DEBUG] Installed version for @storybook/experimental-addon-test: null
[09:13:09.937] [INFO] detect-projects-spinner-stop: 1 project detected
[09:13:09.937] [DEBUG] Found 1 valid projects and 0 error projects
[09:13:09.937] [INFO] Upgrading from [1m8.6.17[22m to [1m10.2.13[22m
[09:13:09.939] [INFO] upgrade-dependencies-task-start: Fetching versions to update package.json files..
[09:13:09.939] [DEBUG] Updating dependencies in /.storybook...
[09:13:09.939] [INFO] upgrade-dependencies-task: /package.json
[09:13:09.940] [DEBUG] Using cached package.json for /home/zerokool/dev/personal/rizzo-css/package.json...
[09:13:09.940] [DEBUG] {
  "upgradedDependencies": []
}
[09:13:09.940] [DEBUG] {
  "upgradedDevDependencies": [
    "@storybook/addon-a11y@^10.2.13",
    "@storybook/addon-links@^10.2.13",
    "@storybook/addon-onboarding@^10.2.13",
    "@storybook/react@^10.2.13",
    "@storybook/react-vite@^10.2.13",
    "storybook@^10.2.13"
  ]
}
[09:13:09.940] [DEBUG] {
  "upgradedPeerDependencies": []
}
[09:13:09.940] [DEBUG] Getting package.json info for /home/zerokool/dev/personal/rizzo-css/package.json...
[09:13:09.941] [DEBUG] Using cached package.json for /home/zerokool/dev/personal/rizzo-css/package.json...
[09:13:09.941] [DEBUG] Using cached package.json for /home/zerokool/dev/personal/rizzo-css/package.json...
[09:13:09.941] [DEBUG] Getting package.json info for /home/zerokool/dev/personal/rizzo-css/package.json...
[09:13:09.941] [DEBUG] Using cached package.json for /home/zerokool/dev/personal/rizzo-css/package.json...
[09:13:09.941] [DEBUG] Getting CLI versions from NPM for @storybook/addon-a11y...
[09:13:09.941] [DEBUG] Executing command: pnpm info @storybook/addon-a11y version
[09:13:11.190] [DEBUG] Getting CLI versions from NPM for @storybook/addon-links...
[09:13:11.190] [DEBUG] Executing command: pnpm info @storybook/addon-links version
[09:13:12.257] [DEBUG] Getting CLI versions from NPM for @storybook/addon-onboarding...
[09:13:12.257] [DEBUG] Executing command: pnpm info @storybook/addon-onboarding version
[09:13:13.136] [DEBUG] Getting CLI versions from NPM for @storybook/react...
[09:13:13.136] [DEBUG] Executing command: pnpm info @storybook/react version
[09:13:14.325] [DEBUG] Getting CLI versions from NPM for @storybook/react-vite...
[09:13:14.325] [DEBUG] Executing command: pnpm info @storybook/react-vite version
[09:13:15.316] [DEBUG] Using cached version for storybook...
[09:13:15.316] [DEBUG] Using cached package.json for /home/zerokool/dev/personal/rizzo-css/package.json...
[09:13:15.317] [DEBUG] Getting package.json info for /home/zerokool/dev/personal/rizzo-css/package.json...
[09:13:15.317] [DEBUG] Using cached package.json for /home/zerokool/dev/personal/rizzo-css/package.json...
[09:13:15.317] [DEBUG] Using cached package.json for /home/zerokool/dev/personal/rizzo-css/package.json...
[09:13:15.317] [INFO] upgrade-dependencies-task-success: Updated package versions in package.json files
[09:13:15.317] [INFO] detect-automigrations-task-start: Detecting automigrations...
[09:13:15.318] [DEBUG] Starting automigration collection across 1 projects and 19 fixes...
[09:13:15.318] [INFO] detect-automigrations-task: Checking automigrations for /.storybook...
[09:13:15.318] [DEBUG] Processing project: /.storybook
[09:13:15.318] [DEBUG] Checking fix eslintPlugin for project /.storybook...
[09:13:15.318] [DEBUG] Using cached package.json for /home/zerokool/dev/personal/rizzo-css/package.json...
[09:13:15.318] [DEBUG] Using cached package.json for /home/zerokool/dev/personal/rizzo-css/package.json...
[09:13:15.318] [DEBUG] Checking fix addon-mdx-gfm-remove for project /.storybook...
[09:13:15.319] [DEBUG] Using cached package.json for /home/zerokool/dev/personal/rizzo-css/package.json...
[09:13:15.319] [DEBUG] Checking fix addon-storysource-code-panel for project /.storybook...
[09:13:15.319] [DEBUG] Checking fix upgrade-storybook-related-dependencies for project /.storybook...
[09:13:15.319] [DEBUG] Checking for incompatible storybook packages...
[09:13:15.319] [DEBUG] Using cached package.json for /home/zerokool/dev/personal/rizzo-css/package.json...
[09:13:15.334] [DEBUG] Using cached package.json for /home/zerokool/dev/personal/rizzo-css/package.json...
[09:13:15.334] [DEBUG] Getting installed version for @storybook/addon-essentials...
[09:13:15.334] [DEBUG] Executing command: pnpm list "@storybook/addon-essentials" --json --depth=99
[09:13:15.339] [DEBUG] Getting installed version for @storybook/addon-interactions...
[09:13:15.339] [DEBUG] Executing command: pnpm list "@storybook/addon-interactions" --json --depth=99
[09:13:15.826] [DEBUG] Installed version for @storybook/addon-essentials: 8.6.17
[09:13:15.826] [DEBUG] Getting CLI versions from NPM for @storybook/addon-essentials...
[09:13:15.826] [DEBUG] Executing command: pnpm info @storybook/addon-essentials version
[09:13:15.835] [DEBUG] Installed version for @storybook/addon-interactions: 8.6.17
[09:13:15.835] [DEBUG] Getting CLI versions from NPM for @storybook/addon-interactions...
[09:13:15.835] [DEBUG] Executing command: pnpm info @storybook/addon-interactions version
[09:13:16.756] [DEBUG] Checking fix initial-globals for project /.storybook...
[09:13:16.761] [DEBUG] Checking fix addon-globals-api for project /.storybook...
[09:13:16.765] [DEBUG] Checking fix addon-a11y-addon-test for project /.storybook...
[09:13:16.765] [DEBUG] Checking fix consolidated-imports for project /.storybook...
[09:13:16.766] [DEBUG] Checking fix addon-experimental-test for project /.storybook...
[09:13:16.766] [DEBUG] Using cached installed version for @storybook/experimental-addon-test...
[09:13:16.766] [DEBUG] Checking fix rnstorybook-config for project /.storybook...
[09:13:16.766] [DEBUG] Using cached package.json for /home/zerokool/dev/personal/rizzo-css/package.json...
[09:13:16.766] [DEBUG] Checking fix migrate-addon-console for project /.storybook...
[09:13:16.766] [DEBUG] Using cached package.json for /home/zerokool/dev/personal/rizzo-css/package.json...
[09:13:16.766] [DEBUG] Checking fix nextjs-to-nextjs-vite for project /.storybook...
[09:13:16.766] [DEBUG] Using cached package.json for /home/zerokool/dev/personal/rizzo-css/package.json...
[09:13:16.766] [DEBUG] Checking fix remove-addon-interactions for project /.storybook...
[09:13:16.766] [DEBUG] Using cached package.json for /home/zerokool/dev/personal/rizzo-css/package.json...
[09:13:16.766] [DEBUG] Checking fix renderer-to-framework for project /.storybook...
[09:13:16.768] [DEBUG] Checking fix remove-essential-addons for project /.storybook...
[09:13:16.768] [DEBUG] Using cached package.json for /home/zerokool/dev/personal/rizzo-css/package.json...
[09:13:16.768] [DEBUG] Checking fix addon-a11y-parameters for project /.storybook...
[09:13:16.768] [DEBUG] Checking fix remove-docs-autodocs for project /.storybook...
[09:13:16.772] [DEBUG] Checking fix wrap-getAbsolutePath for project /.storybook...
[09:13:16.775] [DEBUG] Checking fix fix-faux-esm-require for project /.storybook...
[09:13:16.776] [INFO] detect-automigrations-task: 
Automigrations detected:
[09:13:16.777] [INFO] detect-automigrations-task: [32m[32m✔[32m remove-addon-interactions[39m
[09:13:16.777] [INFO] detect-automigrations-task: [32m[32m✔[32m renderer-to-framework[39m
[09:13:16.777] [INFO] detect-automigrations-task: [32m[32m✔[32m remove-essential-addons[39m
[09:13:16.777] [INFO] detect-automigrations-task: [32m[32m✔[32m remove-docs-autodocs[39m
[09:13:16.778] [INFO] detect-automigrations-task-success: 4 automigration(s) detected
[09:13:28.506] [PROMPT] Select automigrations to run {"choice":["remove-addon-interactions","renderer-to-framework","remove-essential-addons","remove-docs-autodocs"]}
[09:13:28.507] [INFO] automigrate-/.storybook-task-start: Running automigrations for /.storybook
[09:13:28.512] [DEBUG] Uninstalling @storybook/addon-interactions
[09:13:28.513] [DEBUG] Using cached package.json for /home/zerokool/dev/personal/rizzo-css/package.json...
[09:13:28.513] [DEBUG] Using cached package.json for /home/zerokool/dev/personal/rizzo-css/package.json...
[09:13:28.514] [DEBUG] Removing '@storybook/addon-interactions' from main.js addons field.
[09:13:28.527] [INFO] automigrate-/.storybook-task: [32m[32m✔[32m remove-addon-interactions[39m
[09:13:28.528] [DEBUG] 
Migrating @storybook/react to @storybook/react-vite
[09:13:28.537] [DEBUG] Updating package.json files...
[09:13:28.539] [INFO] automigrate-/.storybook-task: [32m[32m✔[32m renderer-to-framework[39m
[09:13:28.543] [DEBUG] Uninstalling @storybook/addon-essentials
[09:13:28.543] [DEBUG] Using cached package.json for /home/zerokool/dev/personal/rizzo-css/package.json...
[09:13:28.543] [DEBUG] Using cached package.json for /home/zerokool/dev/personal/rizzo-css/package.json...
[09:13:28.544] [DEBUG] Removing '@storybook/addon-essentials' from main.js addons field.
[09:13:28.554] [DEBUG] Getting Storybook info...
[09:13:28.561] [DEBUG] Loading main config...
[09:13:28.561] [DEBUG] Getting stories paths...
[09:13:28.562] [DEBUG] Getting package manager...
[09:13:28.590] [DEBUG] Getting package.json info for /home/zerokool/dev/personal/rizzo-css/package.json...
[09:13:28.590] [DEBUG] Getting Storybook version...
[09:13:28.591] [DEBUG] Detecting CSF factory usage...
[09:13:28.602] [INFO] Verifying @storybook/addon-docs
[09:13:28.602] [DEBUG] Getting dependency version for storybook...
[09:13:28.602] [DEBUG] Using cached package.json for /home/zerokool/dev/personal/rizzo-css/package.json...
[09:13:28.602] [INFO] Installing @storybook/addon-docs@^10.2.13
[09:13:28.602] [DEBUG] Using cached package.json for /home/zerokool/dev/personal/rizzo-css/package.json...
[09:13:28.602] [DEBUG] Getting CLI versions from NPM for @storybook/addon-docs...
[09:13:28.602] [DEBUG] Executing command: pnpm info @storybook/addon-docs version
[09:13:30.343] [DEBUG] Using cached package.json for /home/zerokool/dev/personal/rizzo-css/package.json...
[09:13:30.343] [INFO] Adding '@storybook/addon-docs' to the "addons" field in /home/zerokool/dev/personal/rizzo-css/.storybook/main.ts
[09:13:30.451] [INFO] automigrate-/.storybook-task: [32m[32m✔[32m remove-essential-addons[39m
[09:13:30.453] [INFO] automigrate-/.storybook-task: 🔄 Updating [36mdocs[39m parameter in main config file...
[09:13:30.460] [INFO] automigrate-/.storybook-task: [32m[32m✔[32m remove-docs-autodocs[39m
[09:13:30.460] [INFO] automigrate-/.storybook-task-success: Completed automigrations for /.storybook
[09:13:30.461] [INFO] Installing dependencies...
[09:13:30.461] [INFO] install-dependencies-spinner-start: Installing dependencies...
[09:13:30.462] [DEBUG] Executing command: pnpm install -w
[09:13:31.031] [INFO] Installing dependencies...:  ERR_PNPM_ABORTED_REMOVE_MODULES_DIR_NO_TTY  Aborted removal of modules directory due to no TTY

If you are running pnpm in CI, set the CI environment variable to "true".

[09:13:31.031] [INFO] install-dependencies-spinner: Installing dependencies...: ERR_PNPM_ABORTED_REMOVE_M
[09:13:31.098] [ERROR] Installation of dependencies failed! {"error":"ExecaError: Command failed with exit code 1: pnpm install -w\n\n\\u2009ERR_PNPM_ABORTED_REMOVE_MODULES_DIR_NO_TTY\\u2009 Aborted removal of modules directory due to no TTY\n\nIf you are running pnpm in CI, set the CI environment variable to \"true\".\n    at getFinalError (file:///home/zerokool/.npm/_npx/170d3b7ea0dab284/node_modules/storybook/dist/_node-chunks/chunk-CUCNHZNT.js:13109:10)\n    at makeError (file:///home/zerokool/.npm/_npx/170d3b7ea0dab284/node_modules/storybook/dist/_node-chunks/chunk-CUCNHZNT.js:14645:15)\n    at getAsyncResult (file:///home/zerokool/.npm/_npx/170d3b7ea0dab284/node_modules/storybook/dist/_node-chunks/chunk-CUCNHZNT.js:17291:158)\n    at handlePromise (file:///home/zerokool/.npm/_npx/170d3b7ea0dab284/node_modules/storybook/dist/_node-chunks/chunk-CUCNHZNT.js:17277:162)\n    at async Object.executeTaskWithSpinner (file:///home/zerokool/.npm/_npx/170d3b7ea0dab284/node_modules/storybook/dist/_node-chunks/chunk-AEHREA72.js:3683:11)\n    at async PNPMProxy.installDependencies (file:///home/zerokool/.npm/_npx/170d3b7ea0dab284/node_modules/storybook/dist/_node-chunks/chunk-CUCNHZNT.js:11258:5)\n    at async upgrade (file:///home/zerokool/.npm/_npx/170d3b7ea0dab284/node_modules/@storybook/cli/dist/_node-chunks/run-ODVLZ6T2.js:9533:103)\n    at async file:///home/zerokool/.npm/_npx/170d3b7ea0dab284/node_modules/@storybook/cli/dist/_node-chunks/run-ODVLZ6T2.js:9669:70\n    at async withTelemetry (file:///home/zerokool/.npm/_npx/170d3b7ea0dab284/node_modules/storybook/dist/_node-chunks/chunk-WGZQUMPK.js:218:12)\n    at async Command.<anonymous> (file:///home/zerokool/.npm/_npx/170d3b7ea0dab284/node_modules/@storybook/cli/dist/_node-chunks/run-ODVLZ6T2.js:9665:3)"}
[09:13:31.098] [ERROR] install-dependencies-spinner-error: [31mInstallation of dependencies failed![39m
[09:13:31.099] [ERROR] [38;2;241;97;97mExecaError: Command failed with exit code 1: pnpm install -w

\u2009ERR_PNPM_ABORTED_REMOVE_MODULES_DIR_NO_TTY\u2009 Aborted removal of modules directory due to no TTY

If you are running pnpm in CI, set the CI environment variable to "true".[39m
    at getFinalError (file:///home/zerokool/.npm/_npx/170d3b7ea0dab284/node_modules/storybook/dist/_node-chunks/chunk-CUCNHZNT.js:13109:10)
    at makeError (file:///home/zerokool/.npm/_npx/170d3b7ea0dab284/node_modules/storybook/dist/_node-chunks/chunk-CUCNHZNT.js:14645:15)
    at getAsyncResult (file:///home/zerokool/.npm/_npx/170d3b7ea0dab284/node_modules/storybook/dist/_node-chunks/chunk-CUCNHZNT.js:17291:158)
    at handlePromise (file:///home/zerokool/.npm/_npx/170d3b7ea0dab284/node_modules/storybook/dist/_node-chunks/chunk-CUCNHZNT.js:17277:162)
    at async Object.executeTaskWithSpinner (file:///home/zerokool/.npm/_npx/170d3b7ea0dab284/node_modules/storybook/dist/_node-chunks/chunk-AEHREA72.js:3683:11)
    at async PNPMProxy.installDependencies (file:///home/zerokool/.npm/_npx/170d3b7ea0dab284/node_modules/storybook/dist/_node-chunks/chunk-CUCNHZNT.js:11258:5)
    at async upgrade (file:///home/zerokool/.npm/_npx/170d3b7ea0dab284/node_modules/@storybook/cli/dist/_node-chunks/run-ODVLZ6T2.js:9533:103)
    at async file:///home/zerokool/.npm/_npx/170d3b7ea0dab284/node_modules/@storybook/cli/dist/_node-chunks/run-ODVLZ6T2.js:9669:70
    at async withTelemetry (file:///home/zerokool/.npm/_npx/170d3b7ea0dab284/node_modules/storybook/dist/_node-chunks/chunk-WGZQUMPK.js:218:12)
    at async Command.<anonymous> (file:///home/zerokool/.npm/_npx/170d3b7ea0dab284/node_modules/@storybook/cli/dist/_node-chunks/run-ODVLZ6T2.js:9665:3)
[09:13:31.107] [INFO] Storybook collects completely anonymous usage telemetry. We use it to shape Storybook's roadmap and prioritize features. You can learn more, including how to opt out, at https://storybook.js.org/telemetry
[09:13:31.957] [ERROR] ExecaError: Command failed with exit code 1: pnpm install -w

\u2009ERR_PNPM_ABORTED_REMOVE_MODULES_DIR_NO_TTY\u2009 Aborted removal of modules directory due to no TTY

If you are running pnpm in CI, set the CI environment variable to "true".